<?xml version="1.0" encoding="UTF-8"?>
<testng-results ignored="0" total="1" passed="1" failed="0" skipped="0">
  <reporter-output>
  </reporter-output>
  <suite started-at="2023-01-24T18:22:01 IST" name="Default suite" finished-at="2023-01-24T18:23:00 IST" duration-ms="58959">
    <groups>
    </groups>
    <test started-at="2023-01-24T18:22:01 IST" name="Default test" finished-at="2023-01-24T18:23:00 IST" duration-ms="58959">
      <class name="practiceReal.DatePicker">
        <test-method is-config="true" signature="setUp()[pri:0, instance:practiceReal.DatePicker@25fb8912]" started-at="2023-01-24T18:22:01 IST" name="setUp" finished-at="2023-01-24T18:22:15 IST" duration-ms="14073" status="PASS">
          <reporter-output>
          </reporter-output>
        </test-method> <!-- setUp -->
        <test-method signature="selectDate()[pri:0, instance:practiceReal.DatePicker@25fb8912]" started-at="2023-01-24T18:22:15 IST" name="selectDate" finished-at="2023-01-24T18:23:00 IST" duration-ms="44822" status="PASS">
          <reporter-output>
          </reporter-output>
        </test-method> <!-- selectDate -->
      </class> <!-- practiceReal.DatePicker -->
    </test> <!-- Default test -->
  </suite> <!-- Default suite -->
</testng-results>
